<?xml version="1.0" encoding="UTF-8"?>
<!-- Generated by org.testng.reporters.JUnitReportReporter -->
<testsuite skipped="0" hostname="PC11325" name="SamplePackage.SampleTest" tests="1" failures="0" timestamp="03 Nov 2017 03:58:31 GMT" time="2.499" errors="0">
  <testcase name="TripTest" time="2.499" classname="SamplePackage.SampleTest"/>
</testsuite> <!-- SamplePackage.SampleTest -->
